<?xml version="1.0" encoding="UTF-8"?>
<testsuite name="com.thoughtworks.rectangle.RectangleTest" tests="1" skipped="0" failures="0" errors="0" timestamp="2022-06-30T06:00:32" hostname="gurushifu-gurushifugitp-l0xyd984l71" time="0.035">
  <properties/>
  <testcase name="should_Return_Area_When_Length_And_Breadth_Are_Given()" classname="com.thoughtworks.rectangle.RectangleTest" time="0.035"/>
  <system-out><![CDATA[]]></system-out>
  <system-err><![CDATA[]]></system-err>
</testsuite>
